[3:22:39 AM]: Building...
[3:22:39 AM]: Building index.html...
[3:22:40 AM]: Building index.js...
[3:22:40 AM]: Building main.scss...
[3:22:40 AM]: Building index.js...
[3:22:40 AM]: Building index.js...
[3:22:40 AM]: Building formdataupload.jsx...
[3:22:40 AM]: Building formupload.jsx...
[3:22:40 AM]: Building css-loader.js...
[3:22:40 AM]: Built components/formdataupload/formdataupload.jsx...
[3:22:40 AM]: Built components/formupload/formupload.jsx...
[3:22:40 AM]: Building bundle-url.js...
[3:22:40 AM]: Built ../node_modules/parcel-bundler/src/builtins/bundle-url.js...
[3:22:40 AM]: Built ../node_modules/parcel-bundler/src/builtins/css-loader.js...
[3:22:40 AM]: Built styles/main.scss...
[3:22:40 AM]: Building react-dom.development.js...
[3:22:40 AM]: Building react.development.js...
[3:22:41 AM]: Built ../node_modules/react/cjs/react.development.js...
[3:22:41 AM]: Built ../node_modules/react/index.js...
[3:22:44 AM]: Built ../node_modules/react-dom/cjs/react-dom.development.js...
[3:22:44 AM]: Built ../node_modules/react-dom/index.js...
[3:22:44 AM]: Built index.js...
[3:22:44 AM]: Built index.html...
[3:22:44 AM]: Producing bundles...
[3:22:44 AM]: Packaging...
[3:22:44 AM]: Building hmr-runtime.js...
[3:22:45 AM]: Built ../node_modules/parcel-bundler/src/builtins/hmr-runtime.js...
[3:22:45 AM]: ✨  Built in 6.32s.
[3:22:45 AM]: Building...
[3:22:45 AM]: Producing bundles...
[3:22:45 AM]: Packaging...
[3:22:45 AM]: ✨  Built in 242ms.
[3:22:57 AM]: Request: http://localhost:3000/
[3:22:57 AM]: Request: http://localhost:3000/public.e31bb0bc.js
[3:22:57 AM]: Request: http://localhost:3000/main.48b3db1d.css
[3:22:57 AM]: Request: http://localhost:3000/main.48b3db1d.js
[3:22:57 AM]: Request: http://localhost:3000/main.48b3db1d.js.map
[3:22:57 AM]: Request: http://localhost:3000/main.48b3db1d.css.map
[3:22:57 AM]: Request: http://localhost:3000/public.e31bb0bc.js.map
