[2:54:28 AM]: Building...
[2:54:29 AM]: Building index.html...
[2:54:30 AM]: Building index.js...
[2:54:30 AM]: Building main.scss...
[2:54:30 AM]: Building formdataupload.jsx...
[2:54:30 AM]: Building formupload.jsx...
[2:54:30 AM]: Building css-loader.js...
[2:54:30 AM]: Built components/formupload/formupload.jsx...
[2:54:30 AM]: Built components/formdataupload/formdataupload.jsx...
[2:54:30 AM]: Built index.js...
[2:54:30 AM]: Building bundle-url.js...
[2:54:30 AM]: Built ../node_modules/parcel-bundler/src/builtins/bundle-url.js...
[2:54:30 AM]: Built ../node_modules/parcel-bundler/src/builtins/css-loader.js...
[2:54:30 AM]: Built styles/main.scss...
[2:54:30 AM]: Built index.html...
[2:54:30 AM]: Producing bundles...
[2:54:30 AM]: Packaging...
[2:54:30 AM]: Building hmr-runtime.js...
[2:54:31 AM]: Built ../node_modules/parcel-bundler/src/builtins/hmr-runtime.js...
[2:54:31 AM]: ✨  Built in 2.14s.
[2:54:31 AM]: Building...
[2:54:31 AM]: Producing bundles...
[2:54:31 AM]: Packaging...
[2:54:31 AM]: ✨  Built in 36ms.
[2:54:50 AM]: Request: http://localhost:3000/
[2:54:51 AM]: Request: http://localhost:3000/public.e31bb0bc.js
[2:54:51 AM]: Request: http://localhost:3000/main.48b3db1d.css
[2:54:51 AM]: Request: http://localhost:3000/main.48b3db1d.js
[2:54:55 AM]: Request: http://localhost:3000/main.48b3db1d.css
[2:54:55 AM]: Request: http://localhost:3000/main.48b3db1d.js.map
[2:54:55 AM]: Request: http://localhost:3000/public.e31bb0bc.js.map
[2:54:55 AM]: Request: http://localhost:3000/main.48b3db1d.css.map
